<?xml version="1.0" encoding="UTF-8"?>
<!-- Generated by org.testng.reporters.JUnitReportReporter -->
<testsuite skipped="0" hostname="SAMs-MacBook-Pro.local" name="com.common.Base" tests="1" failures="0" timestamp="04 Mar 2021 15:03:13 GMT" time="5.377" errors="0">
  <testcase name="getDriver" time="5.377" classname="com.common.Base"/>
</testsuite> <!-- com.common.Base -->
