<?xml version="1.0" encoding="UTF-8"?>
<!-- Generated by org.testng.reporters.JUnitReportReporter -->
<testsuite skipped="0" hostname="SAMs-MacBook-Pro.local" name="com.stepDef.SearchStepDef" tests="1" failures="0" timestamp="05 Mar 2021 05:13:18 GMT" time="3.096" errors="0">
  <testcase name="getDriver" time="3.096" classname="com.stepDef.SearchStepDef"/>
</testsuite> <!-- com.stepDef.SearchStepDef -->
